<?xml version="1.0" encoding="UTF-8"?>
<testng-results skipped="0" failed="0" ignored="0" total="1" passed="1">
  <reporter-output>
    <line>
      <![CDATA[Test Started Running :f]]>
    </line>
    <line>
      <![CDATA[Test Success:f]]>
    </line>
    <line>
      <![CDATA[<a href='D:\Durgasoft Workspace\flipkart\src\main\java\com\test\automation\UIAutomation\success_screenshots\f_46_21_2018_06_46_17.png'><img src='D:\Durgasoft Workspace\flipkart\src\main\java\com\test\automation\UIAutomation\success_screenshots\f_46_21_2018_06_46_17.png' height='100' width='100'/></a>]]>
    </line>
  </reporter-output>
  <suite name="Suite" duration-ms="36212" started-at="2018-09-21T13:15:42Z" finished-at="2018-09-21T13:16:18Z">
    <groups>
    </groups>
    <test name="Test" duration-ms="36212" started-at="2018-09-21T13:15:42Z" finished-at="2018-09-21T13:16:18Z">
      <class name="com.test.automation.UIAutomation.homepage.TC001_VerifyLoginWithInvalidCredentials">
        <test-method status="PASS" signature="beforeMethod()[pri:0, instance:com.test.automation.UIAutomation.homepage.TC001_VerifyLoginWithInvalidCredentials@13eb8acf]" name="beforeMethod" is-config="true" duration-ms="19313" started-at="2018-09-21T13:15:42Z" finished-at="2018-09-21T13:16:01Z">
          <reporter-output>
          </reporter-output>
        </test-method> <!-- beforeMethod -->
        <test-method status="PASS" signature="f()[pri:0, instance:com.test.automation.UIAutomation.homepage.TC001_VerifyLoginWithInvalidCredentials@13eb8acf]" name="f" duration-ms="16093" started-at="2018-09-21T13:16:01Z" finished-at="2018-09-21T13:16:17Z">
          <reporter-output>
            <line>
              <![CDATA[Test Started Running :f]]>
            </line>
            <line>
              <![CDATA[Test Success:f]]>
            </line>
            <line>
              <![CDATA[<a href='D:\Durgasoft Workspace\flipkart\src\main\java\com\test\automation\UIAutomation\success_screenshots\f_46_21_2018_06_46_17.png'><img src='D:\Durgasoft Workspace\flipkart\src\main\java\com\test\automation\UIAutomation\success_screenshots\f_46_21_2018_06_46_17.png' height='100' width='100'/></a>]]>
            </line>
          </reporter-output>
        </test-method> <!-- f -->
        <test-method status="PASS" signature="afterMethod()[pri:0, instance:com.test.automation.UIAutomation.homepage.TC001_VerifyLoginWithInvalidCredentials@13eb8acf]" name="afterMethod" is-config="true" duration-ms="2" started-at="2018-09-21T13:16:18Z" finished-at="2018-09-21T13:16:18Z">
          <reporter-output>
          </reporter-output>
        </test-method> <!-- afterMethod -->
      </class> <!-- com.test.automation.UIAutomation.homepage.TC001_VerifyLoginWithInvalidCredentials -->
    </test> <!-- Test -->
  </suite> <!-- Suite -->
</testng-results>
